<?xml version="1.0" encoding="UTF-8"?>
<!-- Generated by org.testng.reporters.JUnitXMLReporter -->
<testsuite hostname="Nagesh" ignored="0" name="Firefox Listners Test" tests="2" failures="1" timestamp="20 Feb 2017 20:05:30 GMT" time="56.162" errors="0">
  <testcase name="test1_validLoginTest" time="15.343" classname="TestCases.GenericTestCases.SeleniumLoginTest">
    <failure type="java.lang.AssertionError" message="expected [true] but found [false]">
      <![CDATA[java.lang.AssertionError: expected [true] but found [false]
	at TestCases.GenericTestCases.SeleniumLoginTest.test1_validLoginTest(SeleniumLoginTest.java:84)
... Removed 29 stack frames]]>
    </failure>
  </testcase> <!-- test1_validLoginTest -->
  <testcase name="test1_validLoginTest" time="5.769" classname="TestCases.GenericTestCases.LoginTest2"/>
</testsuite> <!-- Firefox Listners Test -->
